\BOOKMARK [0][-]{chapter.1}{Introduction}{}% 1
\BOOKMARK [1][-]{section.1.1}{Cosmology\040and\040the\040cosmic\040dawn}{chapter.1}% 2
\BOOKMARK [2][-]{subsection.1.1.1}{Modern\040cosmology\040and\040the\040history\040of\040the\040universe}{section.1.1}% 3
\BOOKMARK [2][-]{subsection.1.1.2}{Reaching\040towards\040the\040cosmic\040dawn}{section.1.1}% 4
\BOOKMARK [1][-]{section.1.2}{Theory\040of\04021cm\040tomography}{chapter.1}% 5
\BOOKMARK [2][-]{subsection.1.2.1}{Radio\040emission\040from\040neutral\040hydrogen}{section.1.2}% 6
\BOOKMARK [2][-]{subsection.1.2.2}{21cm\040emission\040from\040the\040Dark\040Ages\040and\040Epoch\040of\040Reionization}{section.1.2}% 7
\BOOKMARK [3][-]{subsubsection.1.2.2.1}{Microscopic\040radiative\040transfer\040using\040Einstein\040A\040and\040B\040coefficients}{subsection.1.2.2}% 8
\BOOKMARK [3][-]{subsubsection.1.2.2.2}{Brightness\040temperature\040of\040an\040HI\040cloud\040in\040the\040EOR}{subsection.1.2.2}% 9
\BOOKMARK [2][-]{subsection.1.2.3}{Evolution\040of\040the\040global\04021cm\040signal}{section.1.2}% 10
\BOOKMARK [1][-]{section.1.3}{Measuring\040the\04021cm\040signal\040with\040radio\040interferometers}{chapter.1}% 11
\BOOKMARK [2][-]{subsection.1.3.1}{The\040basics\040of\040radio\040interferometry}{section.1.3}% 12
\BOOKMARK [2][-]{subsection.1.3.2}{From\040image\040cubes\040to\040power\040spectra}{section.1.3}% 13
\BOOKMARK [2][-]{subsection.1.3.3}{Sensitivity\040challenges}{section.1.3}% 14
\BOOKMARK [2][-]{subsection.1.3.4}{Foreground\040challenges}{section.1.3}% 15
\BOOKMARK [2][-]{subsection.1.3.5}{Large N–small D arrays and their challenges}{section.1.3}% 16
\BOOKMARK [0][-]{chapter.2}{Measuring\040High\040Dynamic\040Range\040MWA\040Beampatterns\040using\040137\040MHz\040ORBCOMM\040Satellites}{}% 17
\BOOKMARK [1][-]{section.2.1}{Introduction}{chapter.2}% 18
\BOOKMARK [1][-]{section.2.2}{Measurement\040System}{chapter.2}% 19
\BOOKMARK [2][-]{subsection.2.2.1}{Overview}{section.2.2}% 20
\BOOKMARK [2][-]{subsection.2.2.2}{ORBCOMM\040Satellite\040Constellation}{section.2.2}% 21
\BOOKMARK [2][-]{subsection.2.2.3}{Reference\040Antenna}{section.2.2}% 22
\BOOKMARK [2][-]{subsection.2.2.4}{Data\040Acquisition\040Hardware}{section.2.2}% 23
\BOOKMARK [1][-]{section.2.3}{Data\040Analysis}{chapter.2}% 24
\BOOKMARK [2][-]{subsection.2.3.1}{Processing\040Satellite\040Passes}{section.2.3}% 25
\BOOKMARK [2][-]{subsection.2.3.2}{Forming\040Power\040Patterns}{section.2.3}% 26
\BOOKMARK [2][-]{subsection.2.3.3}{Assessing\040Systematics\040with\040a\040Null\040Experiment}{section.2.3}% 27
\BOOKMARK [1][-]{section.2.4}{MWA\040Antenna\040Tile}{chapter.2}% 28
\BOOKMARK [2][-]{subsection.2.4.1}{Model\040Beampatterns}{section.2.4}% 29
\BOOKMARK [2][-]{subsection.2.4.2}{Beampattern\040Measurements}{section.2.4}% 30
\BOOKMARK [2][-]{subsection.2.4.3}{Error\040Analysis}{section.2.4}% 31
\BOOKMARK [1][-]{section.2.5}{Discussion}{chapter.2}% 32
\BOOKMARK [1][-]{section.2.6}{Appendix:\040Measurement\040of\040the\040unpolarized\040beampattern}{chapter.2}% 33
\BOOKMARK [1][-]{section.2.7}{Acknowledgments}{chapter.2}% 34
\BOOKMARK [0][-]{chapter.3}{Beamforming\040Errors\040in\040MWA\040Antenna\040Tiles\040and\040their\040Effects\040on\040EOR\040Science}{}% 35
\BOOKMARK [1][-]{section.3.1}{Introduction}{chapter.3}% 36
\BOOKMARK [1][-]{section.3.2}{Laboratory\040Measurements\040of\040Beamforming\040Errors}{chapter.3}% 37
\BOOKMARK [2][-]{subsection.3.2.1}{Overview\040of\040Beamforming\040in\040the\040MWA}{section.3.2}% 38
\BOOKMARK [2][-]{subsection.3.2.2}{Gain\040and\040Group\040Delay\040Experiments}{section.3.2}% 39
\BOOKMARK [3][-]{subsubsection.3.2.2.1}{LNA\040Measurements}{subsection.3.2.2}% 40
\BOOKMARK [3][-]{subsubsection.3.2.2.2}{Cable\040Measurements}{subsection.3.2.2}% 41
\BOOKMARK [3][-]{subsubsection.3.2.2.3}{Beamformer\040Measurements}{subsection.3.2.2}% 42
\BOOKMARK [2][-]{subsection.3.2.3}{Tile\040Tilts\040and\040Rotation}{section.3.2}% 43
\BOOKMARK [2][-]{subsection.3.2.4}{Budget\040of\040Beamforming\040Errors}{section.3.2}% 44
\BOOKMARK [1][-]{section.3.3}{Simulating\040Beams\040with\040Beamforming\040Errors}{chapter.3}% 45
\BOOKMARK [1][-]{section.3.4}{Effects\040on\040Power\040Spectrum\040Analyses}{chapter.3}% 46
\BOOKMARK [2][-]{subsection.3.4.1}{Calibration\040and\040Forming\040Image\040Cubes}{section.3.4}% 47
\BOOKMARK [2][-]{subsection.3.4.2}{Power\040Spectrum}{section.3.4}% 48
\BOOKMARK [1][-]{section.3.5}{Discussion}{chapter.3}% 49
\BOOKMARK [1][-]{section.3.6}{Appendix:\040Design\040of\040the\040MWA\040Antenna\040Tile}{chapter.3}% 50
\BOOKMARK [2][-]{subsection.3.6.1}{Design\040and\040Science\040Requirements}{section.3.6}% 51
\BOOKMARK [2][-]{subsection.3.6.2}{Dipole\040Element}{section.3.6}% 52
\BOOKMARK [2][-]{subsection.3.6.3}{Ground\040Screen}{section.3.6}% 53
\BOOKMARK [2][-]{subsection.3.6.4}{Beamformer}{section.3.6}% 54
\BOOKMARK [1][-]{section.3.7}{Acknowledgements}{chapter.3}% 55
\BOOKMARK [0][-]{chapter.4}{The\040HERA\040Dish:\040Beam\040Measurements\040and\040Science\040Implications}{}% 56
\BOOKMARK [1][-]{section.4.1}{Introduction}{chapter.4}% 57
\BOOKMARK [1][-]{section.4.2}{Dish\040Design\040and\040Modeling}{chapter.4}% 58
\BOOKMARK [2][-]{subsection.4.2.1}{Design\040of\040the\040HERA\040Dish}{section.4.2}% 59
\BOOKMARK [2][-]{subsection.4.2.2}{Dish\040Modeling}{section.4.2}% 60
\BOOKMARK [1][-]{section.4.3}{Experimental\040Setup}{chapter.4}% 61
\BOOKMARK [2][-]{subsection.4.3.1}{ORBCOMM\040Beam\040Mapping\040System\040Review}{section.4.3}% 62
\BOOKMARK [2][-]{subsection.4.3.2}{HERA–Green Bank: A three-element prototype array}{section.4.3}% 63
\BOOKMARK [2][-]{subsection.4.3.3}{Assessing\040Experimental\040Systematics}{section.4.3}% 64
\BOOKMARK [1][-]{section.4.4}{Dish\040Measurements}{chapter.4}% 65
\BOOKMARK [2][-]{subsection.4.4.1}{Power\040pattern\040measurements}{section.4.4}% 66
\BOOKMARK [2][-]{subsection.4.4.2}{Sensitivity}{section.4.4}% 67
\BOOKMARK [1][-]{section.4.5}{Foreground\040Delay\040Spectrum\040Simulations}{chapter.4}% 68
\BOOKMARK [1][-]{section.4.6}{Discussion}{chapter.4}% 69
\BOOKMARK [1][-]{section.4.7}{Acknowledgements}{chapter.4}% 70
\BOOKMARK [0][-]{chapter.5}{New\040Power\040Spectrum\040Limits\040from\040Early\040MWA\040128-Tile\040Data\040using\040Empirical\040Covariance\040Modeling}{}% 71
\BOOKMARK [1][-]{section.5.1}{Introduction}{chapter.5}% 72
\BOOKMARK [1][-]{section.5.2}{Empirical\040Covariance\040Modeling}{chapter.5}% 73
\BOOKMARK [2][-]{subsection.5.2.1}{Quadratic\040Power\040Spectrum\040Estimator\040Review}{section.5.2}% 74
\BOOKMARK [2][-]{subsection.5.2.2}{What\040Does\040Our\040Covariance\040Model\040Represent?}{section.5.2}% 75
\BOOKMARK [2][-]{subsection.5.2.3}{Empirical\040Covariance\040Modeling\040Technique}{section.5.2}% 76
\BOOKMARK [3][-]{subsubsection.5.2.3.1}{Compute\040sample\040covariances\040in\040uv\040annuli}{subsection.5.2.3}% 77
\BOOKMARK [3][-]{subsubsection.5.2.3.2}{Subtract\040the\040properly\040projected\040noise\040covariance.}{subsection.5.2.3}% 78
\BOOKMARK [3][-]{subsubsection.5.2.3.3}{Perform\040a\040k"026B30D\040\040filter\040on\040the\040covariance.}{subsection.5.2.3}% 79
\BOOKMARK [3][-]{subsubsection.5.2.3.4}{Cut\040out\040modes\040attributable\040to\040noise.}{subsection.5.2.3}% 80
\BOOKMARK [2][-]{subsection.5.2.4}{Review\040of\040Assumptions\040and\040Caveats}{section.5.2}% 81
\BOOKMARK [1][-]{section.5.3}{Results}{chapter.5}% 82
\BOOKMARK [2][-]{subsection.5.3.1}{Observation\040Summary}{section.5.3}% 83
\BOOKMARK [2][-]{subsection.5.3.2}{Calibration\040and\040Mapmaking\040Summary}{section.5.3}% 84
\BOOKMARK [2][-]{subsection.5.3.3}{Power\040Spectrum\040Results}{section.5.3}% 85
\BOOKMARK [1][-]{section.5.4}{Summary\040and\040Future\040Directions}{chapter.5}% 86
\BOOKMARK [1][-]{section.5.5}{Acknowledgements}{chapter.5}% 87
\BOOKMARK [0][-]{chapter.6}{Foreground\040and\040sensitivity\040analysis\040for\04021cm/Infrared\040intensity\040mapping\040correlation\040studies\040from\040the\040Epoch\040of\040Reionization}{}% 88
\BOOKMARK [1][-]{section.6.1}{Introduction}{chapter.6}% 89
\BOOKMARK [1][-]{section.6.2}{Power\040spectra\040of\040residual\040foreground}{chapter.6}% 90
\BOOKMARK [2][-]{subsection.6.2.1}{Power\040spectrum\040conventions}{section.6.2}% 91
\BOOKMARK [2][-]{subsection.6.2.2}{21cm\040foreground\040power\040spectra}{section.6.2}% 92
\BOOKMARK [2][-]{subsection.6.2.3}{IR\040foreground\040power\040spectra}{section.6.2}% 93
\BOOKMARK [1][-]{section.6.3}{Sensitivity\040and\040Experimental\040Design\040Study}{chapter.6}% 94
\BOOKMARK [2][-]{subsection.6.3.1}{Cross\040spectrum\040vs\040coherence}{section.6.3}% 95
\BOOKMARK [2][-]{subsection.6.3.2}{Sensitivity\040framework}{section.6.3}% 96
\BOOKMARK [1][-]{section.6.4}{Cross\040spectrum\040results}{chapter.6}% 97
\BOOKMARK [1][-]{section.6.5}{Discussion}{chapter.6}% 98
\BOOKMARK [0][-]{chapter.7}{Conclusion}{}% 99
\BOOKMARK [0][-]{appendix.A}{Review\040of\040noise\040in\040radio\040interferometers}{}% 100
\BOOKMARK [1][-]{section.A.1}{The\040Radio\040Sky\040and\040Radio\040Interferometry}{appendix.A}% 101
\BOOKMARK [1][-]{section.A.2}{Sky\040Noise,\040Self\040Noise,\040and\040Receiver\040Noise}{appendix.A}% 102
\BOOKMARK [0][-]{appendix.B}{Physics\040of\040Synchrotron\040radiation}{}% 103
