This is XeTeX, Version 3.1415926-2.4-0.9998 (TeX Live 2012) (format=xelatex 2012.6.30)  14 DEC 2016 17:54
entering extended mode
 restricted \write18 enabled.
 file:line:error style messages enabled.
 %&-line parsing enabled.
**main.tex
(./main.tex
LaTeX2e <2011/06/27>
Babel <v3.8m> and hyphenation patterns for english, dumylang, nohyphenation, german-x-2012-05-30, ngerman-x-2012-05-30, afrikaans, ancientgreek, ibycus, arabic, armenian, basque, bulgarian, catalan, pinyin, coptic, croatian, czech, danish, dutch, ukenglish, usenglishmax, esperanto, estonian, ethiopic, farsi, finnish, french, friulan, galician, german, ngerman, swissgerman, monogreek, greek, hungarian, icelandic, assamese, bengali, gujarati, hindi, kannada, malayalam, marathi, oriya, panjabi, tamil, telugu, indonesian, interlingua, irish, italian, kurmanji, latin, latvian, lithuanian, mongolian, mongolianlmc, bokmal, nynorsk, polish, portuguese, romanian, romansh, russian, sanskrit, serbian, serbianc, slovak, slovenian, spanish, swedish, turkish, turkmen, ukrainian, uppersorbian, welsh, loaded.
(./mitthesis.cls
Document Class: mitthesis 1999/10/20
\vithesis=\count80
Intentionally Leaving Pages Blank
(/usr/local/texlive/2012/texmf-dist/tex/latex/base/report.cls
Document Class: report 2007/10/19 v1.4h Standard LaTeX document class
(/usr/local/texlive/2012/texmf-dist/tex/latex/base/size12.clo
File: size12.clo 2007/10/19 v1.4h Standard LaTeX file (size option)
)
\c@part=\count81
\c@chapter=\count82
\c@section=\count83
\c@subsection=\count84
\c@subsubsection=\count85
\c@paragraph=\count86
\c@subparagraph=\count87
\c@figure=\count88
\c@table=\count89
\abovecaptionskip=\skip41
\belowcaptionskip=\skip42
\bibindent=\dimen102
) (/usr/local/texlive/2012/texmf-dist/tex/latex/setspace/setspace.sty
Package: setspace 2011/12/19 v6.7a set line spacing
)
Thesis document copyright MIT unless otherwise (manually) specified
\@titlesupervisor=\box26
\@abstractsupervisor=\box27
\c@savepage=\count90
) (./lgrind.sty
Package: lgrind 1997/01/30 v3.4 LGrind environment and supporting stuff
\lc@unt=\count91
\ln@xt=\count92
\LGnuminterval=\count93
\LGindent=\skip43
\LGsloppy=\skip44
\procbox=\box28
\ls@far=\box29
\tb@x=\box30
\TBw@d=\dimen103
\@ts=\dimen104
) (/usr/local/texlive/2012/texmf-dist/tex/latex/natbib/natbib.sty
Package: natbib 2010/09/13 8.31b (PWD, AO)
\bibhang=\skip45
\bibsep=\skip46
LaTeX Info: Redefining \cite on input line 694.
\c@NAT@ctr=\count94
) (/usr/local/texlive/2012/texmf-dist/tex/latex/graphics/graphicx.sty
Package: graphicx 1999/02/16 v1.0f Enhanced LaTeX Graphics (DPC,SPQR)
 (/usr/local/texlive/2012/texmf-dist/tex/latex/graphics/keyval.sty
Package: keyval 1999/03/16 v1.13 key=value parser (DPC)
\KV@toks@=\toks14
) (/usr/local/texlive/2012/texmf-dist/tex/latex/graphics/graphics.sty
Package: graphics 2009/02/05 v1.0o Standard LaTeX Graphics (DPC,SPQR)
 (/usr/local/texlive/2012/texmf-dist/tex/latex/graphics/trig.sty
Package: trig 1999/03/16 v1.09 sin cos tan (DPC)
) (/usr/local/texlive/2012/texmf-dist/tex/latex/latexconfig/graphics.cfg
File: graphics.cfg 2010/04/23 v1.9 graphics configuration of TeX Live
)
Package graphics Info: Driver file: xetex.def on input line 91.
 (/usr/local/texlive/2012/texmf-dist/tex/xelatex/xetex-def/xetex.def
File: xetex.def 2009/11/22 v0.94 LaTeX color/graphics driver for XeTeX (RRM/JK)
))
\Gin@req@height=\dimen105
\Gin@req@width=\dimen106
) (/usr/local/texlive/2012/texmf-dist/tex/latex/amsmath/amsmath.sty
Package: amsmath 2000/07/18 v2.13 AMS math features
\@mathmargin=\skip47

For additional information on amsmath, use the `?' option.
(/usr/local/texlive/2012/texmf-dist/tex/latex/amsmath/amstext.sty
Package: amstext 2000/06/29 v2.01
 (/usr/local/texlive/2012/texmf-dist/tex/latex/amsmath/amsgen.sty
File: amsgen.sty 1999/11/30 v2.0
\@emptytoks=\toks15
\ex@=\dimen107
)) (/usr/local/texlive/2012/texmf-dist/tex/latex/amsmath/amsbsy.sty
Package: amsbsy 1999/11/29 v1.2d
\pmbraise@=\dimen108
) (/usr/local/texlive/2012/texmf-dist/tex/latex/amsmath/amsopn.sty
Package: amsopn 1999/12/14 v2.01 operator names
)
\inf@bad=\count95
LaTeX Info: Redefining \frac on input line 211.
\uproot@=\count96
\leftroot@=\count97
LaTeX Info: Redefining \overline on input line 307.
\classnum@=\count98
\DOTSCASE@=\count99
LaTeX Info: Redefining \ldots on input line 379.
LaTeX Info: Redefining \dots on input line 382.
LaTeX Info: Redefining \cdots on input line 467.
\Mathstrutbox@=\box31
\strutbox@=\box32
\big@size=\dimen109
LaTeX Font Info:    Redeclaring font encoding OML on input line 567.
LaTeX Font Info:    Redeclaring font encoding OMS on input line 568.
\macc@depth=\count100
\c@MaxMatrixCols=\count101
\dotsspace@=\muskip10
\c@parentequation=\count102
\dspbrk@lvl=\count103
\tag@help=\toks16
\row@=\count104
\column@=\count105
\maxfields@=\count106
\andhelp@=\toks17
\eqnshift@=\dimen110
\alignsep@=\dimen111
\tagshift@=\dimen112
\tagwidth@=\dimen113
\totwidth@=\dimen114
\lineht@=\dimen115
\@envbody=\toks18
\multlinegap=\skip48
\multlinetaggap=\skip49
\mathdisplay@stack=\toks19
LaTeX Info: Redefining \[ on input line 2666.
LaTeX Info: Redefining \] on input line 2667.
) (/usr/local/texlive/2012/texmf-dist/tex/latex/amsfonts/amssymb.sty
Package: amssymb 2009/06/22 v3.00
 (/usr/local/texlive/2012/texmf-dist/tex/latex/amsfonts/amsfonts.sty
Package: amsfonts 2009/06/22 v3.00 Basic AMSFonts support
\symAMSa=\mathgroup4
\symAMSb=\mathgroup5
LaTeX Font Info:    Overwriting math alphabet `\mathfrak' in version `bold'
(Font)                  U/euf/m/n --> U/euf/b/n on input line 96.
)) (/usr/local/texlive/2012/texmf-dist/tex/latex/tools/enumerate.sty
Package: enumerate 1999/03/05 v3.00 enumerate extensions (DPC)
\@enLab=\toks20
) (/usr/local/texlive/2012/texmf-dist/tex/latex/hyperref/hyperref.sty
Package: hyperref 2012/05/13 v6.82q Hypertext links for LaTeX
 (/usr/local/texlive/2012/texmf-dist/tex/generic/oberdiek/hobsub-hyperref.sty
Package: hobsub-hyperref 2012/05/28 v1.13 Bundle oberdiek, subset hyperref (HO)
 (/usr/local/texlive/2012/texmf-dist/tex/generic/oberdiek/hobsub-generic.sty
Package: hobsub-generic 2012/05/28 v1.13 Bundle oberdiek, subset generic (HO)
Package: hobsub 2012/05/28 v1.13 Construct package bundles (HO)
Package: infwarerr 2010/04/08 v1.3 Providing info/warning/error messages (HO)
Package: ltxcmds 2011/11/09 v1.22 LaTeX kernel commands for general use (HO)
Package: ifluatex 2010/03/01 v1.3 Provides the ifluatex switch (HO)
Package ifluatex Info: LuaTeX not detected.
Package: ifvtex 2010/03/01 v1.5 Detect VTeX and its facilities (HO)
Package ifvtex Info: VTeX not detected.
Package: intcalc 2007/09/27 v1.1 Expandable calculations with integers (HO)
Package: ifpdf 2011/01/30 v2.3 Provides the ifpdf switch (HO)
Package ifpdf Info: pdfTeX in PDF mode is not detected.
Package: etexcmds 2011/02/16 v1.5 Avoid name clashes with e-TeX commands (HO)
Package etexcmds Info: Could not find \expanded.
(etexcmds)             That can mean that you are not using pdfTeX 1.50 or
(etexcmds)             that some package has redefined \expanded.
(etexcmds)             In the latter case, load this package earlier.
Package: kvsetkeys 2012/04/25 v1.16 Key value parser (HO)
Package: kvdefinekeys 2011/04/07 v1.3 Define keys (HO)
Package: pdftexcmds 2011/11/29 v0.20 Utility functions of pdfTeX for LuaTeX (HO)
Package pdftexcmds Info: LuaTeX not detected.
Package pdftexcmds Info: pdfTeX >= 1.30 not detected.
Package pdftexcmds Info: \pdf@primitive is available.
Package pdftexcmds Info: \pdf@ifprimitive is available.
Package pdftexcmds Info: \pdfdraftmode not found.
Package: pdfescape 2011/11/25 v1.13 Implements pdfTeX's escape features (HO)
Package: bigintcalc 2012/04/08 v1.3 Expandable calculations on big integers (HO)
Package: bitset 2011/01/30 v1.1 Handle bit-vector datatype (HO)
Package: uniquecounter 2011/01/30 v1.2 Provide unlimited unique counter (HO)
)
Package hobsub Info: Skipping package `hobsub' (already loaded).
Package: letltxmacro 2010/09/02 v1.4 Let assignment for LaTeX macros (HO)
Package: hopatch 2012/05/28 v1.2 Wrapper for package hooks (HO)
Package: xcolor-patch 2011/01/30 xcolor patch
Package: atveryend 2011/06/30 v1.8 Hooks at the very end of document (HO)
Package atveryend Info: \enddocument detected (standard20110627).
Package: atbegshi 2011/10/05 v1.16 At begin shipout hook (HO)
Package: refcount 2011/10/16 v3.4 Data extraction from label references (HO)
Package: hycolor 2011/01/30 v1.7 Color options for hyperref/bookmark (HO)
) (/usr/local/texlive/2012/texmf-dist/tex/generic/ifxetex/ifxetex.sty
Package: ifxetex 2010/09/12 v0.6 Provides ifxetex conditional
) (/usr/local/texlive/2012/texmf-dist/tex/latex/oberdiek/kvoptions.sty
Package: kvoptions 2011/06/30 v3.11 Key value format for package options (HO)
)
\@linkdim=\dimen116
\Hy@linkcounter=\count107
\Hy@pagecounter=\count108
 (/usr/local/texlive/2012/texmf-dist/tex/latex/hyperref/pd1enc.def
File: pd1enc.def 2012/05/13 v6.82q Hyperref: PDFDocEncoding definition (HO)
)
\Hy@SavedSpaceFactor=\count109
 (/usr/local/texlive/2012/texmf-dist/tex/xelatex/xetexconfig/hyperref.cfg
File: hyperref.cfg 2008/07/11 v1.2 hyperref configuration for XeLaTeX
)
Package hyperref Info: Hyper figures OFF on input line 4062.
Package hyperref Info: Link nesting OFF on input line 4067.
Package hyperref Info: Hyper index ON on input line 4070.
Package hyperref Info: Plain pages OFF on input line 4077.
Package hyperref Info: Backreferencing OFF on input line 4082.
Package hyperref Info: Implicit mode ON; LaTeX internals redefined.
Package hyperref Info: Bookmarks ON on input line 4300.
\c@Hy@tempcnt=\count110
 (/usr/local/texlive/2012/texmf-dist/tex/latex/url/url.sty
\Urlmuskip=\muskip11
Package: url 2006/04/12  ver 3.3  Verb mode for urls, etc.
)
LaTeX Info: Redefining \url on input line 4653.
\Fld@menulength=\count111
\Field@Width=\dimen117
\Fld@charsize=\dimen118
Package hyperref Info: Hyper figures OFF on input line 5773.
Package hyperref Info: Link nesting OFF on input line 5778.
Package hyperref Info: Hyper index ON on input line 5781.
Package hyperref Info: backreferencing OFF on input line 5788.
Package hyperref Info: Link coloring OFF on input line 5793.
Package hyperref Info: Link coloring with OCG OFF on input line 5798.
Package hyperref Info: PDF/A mode OFF on input line 5803.
LaTeX Info: Redefining \ref on input line 5843.
LaTeX Info: Redefining \pageref on input line 5847.
\Hy@abspage=\count112
\c@Item=\count113
\c@Hfootnote=\count114
)

Package hyperref Message: Driver (autodetected): hxetex.

(/usr/local/texlive/2012/texmf-dist/tex/latex/hyperref/hxetex.def
File: hxetex.def 2012/05/13 v6.82q Hyperref driver for XeTeX
 (/usr/local/texlive/2012/texmf-dist/tex/latex/hyperref/puenc.def
File: puenc.def 2012/05/13 v6.82q Hyperref: PDF Unicode definition (HO)
) (/usr/local/texlive/2012/texmf-dist/tex/generic/oberdiek/stringenc.sty
Package: stringenc 2011/12/02 v1.10 Convert strings between diff. encodings (HO)
)
\pdfm@box=\box33
\c@Hy@AnnotLevel=\count115
\HyField@AnnotCount=\count116
\Fld@listcount=\count117
\c@bookmark@seq@number=\count118
 (/usr/local/texlive/2012/texmf-dist/tex/latex/oberdiek/rerunfilecheck.sty
Package: rerunfilecheck 2011/04/15 v1.7 Rerun checks for auxiliary files (HO)
Package rerunfilecheck Info: Feature \pdfmdfivesum is not available
(rerunfilecheck)             (e.g. pdfTeX or LuaTeX with package `pdftexcmds').
(rerunfilecheck)             Therefore file contents cannot be checked efficiently
(rerunfilecheck)             and the loading of the package is aborted.
)
\Hy@SectionHShift=\skip50
) (./aas_macros.sty) (/usr/local/texlive/2012/texmf-dist/tex/latex/graphics/color.sty
Package: color 2005/11/14 v1.0j Standard LaTeX Color (DPC)
 (/usr/local/texlive/2012/texmf-dist/tex/latex/latexconfig/color.cfg
File: color.cfg 2007/01/18 v1.5 color configuration of teTeX/TeXLive
)
Package color Info: Driver file: xetex.def on input line 130.
) (/usr/local/texlive/2012/texmf-dist/tex/latex/tools/bm.sty
Package: bm 2004/02/26 v1.1c Bold Symbol Support (DPC/FMi)
\symboldoperators=\mathgroup6
\symboldletters=\mathgroup7
\symboldsymbols=\mathgroup8
LaTeX Font Info:    Redeclaring math alphabet \mathbf on input line 138.
LaTeX Info: Redefining \bm on input line 204.
) (/usr/local/texlive/2012/texmf-dist/tex/latex/natbib/bibentry.sty
Package: bibentry 2007/10/30 1.5 (PWD)
) (/Users/abrahamn/Documents/Physics/papers/mit_thesis/.texpadtmp/main.bbl) (/usr/local/texlive/2012/texmf-dist/tex/latex/cmap/cmap.sty
Package: cmap 2008/03/06 v1.0h CMap support: searchable PDF


Package cmap Warning: pdftex not detected - exiting.

) (/usr/local/texlive/2012/texmf-dist/tex/latex/base/fontenc.sty
Package: fontenc 2005/09/27 v1.99g Standard LaTeX package
 (/usr/local/texlive/2012/texmf-dist/tex/latex/base/t1enc.def
File: t1enc.def 2005/09/27 v1.99g Standard LaTeX file
LaTeX Font Info:    Redeclaring font encoding T1 on input line 43.
)) (/Users/abrahamn/Documents/Physics/papers/mit_thesis/.texpadtmp/main.aux (/Users/abrahamn/Documents/Physics/papers/mit_thesis/.texpadtmp/cover.aux) (/Users/abrahamn/Documents/Physics/papers/mit_thesis/.texpadtmp/contents.aux) (/Users/abrahamn/Documents/Physics/papers/mit_thesis/.texpadtmp/introduction.aux) (/Users/abrahamn/Documents/Physics/papers/mit_thesis/.texpadtmp/chap1_precision_beammapping.aux) (/Users/abrahamn/Documents/Physics/papers/mit_thesis/.texpadtmp/chap2_beamforming_errors.aux) (/Users/abrahamn/Documents/Physics/papers/mit_thesis/.texpadtmp/chap3_hera_beammapping.aux) (/Users/abrahamn/Documents/Physics/papers/mit_thesis/.texpadtmp/chap4_empirical_covariance.aux) (/Users/abrahamn/Documents/Physics/papers/mit_thesis/.texpadtmp/chap5_xcor.aux) (/Users/abrahamn/Documents/Physics/papers/mit_thesis/.texpadtmp/conclusion.aux) (/Users/abrahamn/Documents/Physics/papers/mit_thesis/.texpadtmp/skynoise.aux

LaTeX Warning: Label `eqn:vismean' multiply defined.

) (/Users/abrahamn/Documents/Physics/papers/mit_thesis/.texpadtmp/synchrotron.aux) (/Users/abrahamn/Documents/Physics/papers/mit_thesis/.texpadtmp/biblio.aux))
\openout1 = `main.aux'.

LaTeX Font Info:    Checking defaults for OML/cmm/m/it on input line 50.
LaTeX Font Info:    ... okay on input line 50.
LaTeX Font Info:    Checking defaults for T1/cmr/m/n on input line 50.
LaTeX Font Info:    ... okay on input line 50.
LaTeX Font Info:    Checking defaults for OT1/cmr/m/n on input line 50.
LaTeX Font Info:    ... okay on input line 50.
LaTeX Font Info:    Checking defaults for OMS/cmsy/m/n on input line 50.
LaTeX Font Info:    ... okay on input line 50.
LaTeX Font Info:    Checking defaults for OMX/cmex/m/n on input line 50.
LaTeX Font Info:    ... okay on input line 50.
LaTeX Font Info:    Checking defaults for U/cmr/m/n on input line 50.
LaTeX Font Info:    ... okay on input line 50.
LaTeX Font Info:    Checking defaults for PD1/pdf/m/n on input line 50.
LaTeX Font Info:    ... okay on input line 50.
LaTeX Font Info:    Checking defaults for PU/pdf/m/n on input line 50.
LaTeX Font Info:    ... okay on input line 50.
\AtBeginShipoutBox=\box34
Package hyperref Info: Link coloring OFF on input line 50.
 (/usr/local/texlive/2012/texmf-dist/tex/latex/hyperref/nameref.sty
Package: nameref 2010/04/30 v2.40 Cross-referencing by name of section
 (/usr/local/texlive/2012/texmf-dist/tex/generic/oberdiek/gettitlestring.sty
Package: gettitlestring 2010/12/03 v1.4 Cleanup title references (HO)
)
\c@section@level=\count119
)
LaTeX Info: Redefining \ref on input line 50.
LaTeX Info: Redefining \pageref on input line 50.
LaTeX Info: Redefining \nameref on input line 50.
 (/Users/abrahamn/Documents/Physics/papers/mit_thesis/.texpadtmp/main.out) (/Users/abrahamn/Documents/Physics/papers/mit_thesis/.texpadtmp/main.out)
\@outlinefile=\write3
\openout3 = `main.out'.

\openout2 = `cover.aux'.

 (./cover.tex
LaTeX Font Info:    Try loading font information for OMS+cmr on input line 92.
 (/usr/local/texlive/2012/texmf-dist/tex/latex/base/omscmr.fd
File: omscmr.fd 1999/05/25 v2.5h Standard LaTeX font definitions
)
LaTeX Font Info:    Font shape `OMS/cmr/m/n' in size <14.4> not available
(Font)              Font shape `OMS/cmsy/m/n' tried instead on input line 92.
 (/usr/local/texlive/2012/texmf-dist/tex/generic/oberdiek/se-ascii-print.def
File: se-ascii-print.def 2011/12/02 v1.10 stringenc: Printable ASCII characters
) [1



] [2

] (./abstract.tex) [3

] [4

]
Underfull \vbox (badness 2452) has occurred while \output is active []

 [5]) [6]
\openout2 = `contents.aux'.

 (./contents.tex (/Users/abrahamn/Documents/Physics/papers/mit_thesis/.texpadtmp/main.toc
LaTeX Font Info:    Try loading font information for U+msa on input line 2.
 (/usr/local/texlive/2012/texmf-dist/tex/latex/amsfonts/umsa.fd
File: umsa.fd 2009/06/22 v3.00 AMS symbols A
)
LaTeX Font Info:    Try loading font information for U+msb on input line 2.
 (/usr/local/texlive/2012/texmf-dist/tex/latex/amsfonts/umsb.fd
File: umsb.fd 2009/06/22 v3.00 AMS symbols B
) [7



] [8] [9]
Overfull \hbox (0.27116pt too wide) in paragraph at lines 88--88
 [] [][]\T1/cmr/bx/n/12 Foreground and sen-si-tiv-ity anal-y-sis for 21cm/Infrared in-ten-sity map- 
 []

)
\tf@toc=\write4
\openout4 = `main.toc'.

 [10] (/Users/abrahamn/Documents/Physics/papers/mit_thesis/.texpadtmp/main.lof [11

] [12])
\tf@lof=\write5
\openout5 = `main.lof'.

 [13] [14

] (/Users/abrahamn/Documents/Physics/papers/mit_thesis/.texpadtmp/main.lot)
\tf@lot=\write6
\openout6 = `main.lot'.

) [15]
\openout2 = `introduction.aux'.

 (./introduction.tex [16



]
Chapter 1.
[17]
Overfull \hbox (4.63072pt too wide) in paragraph at lines 18--19
\T1/cmr/m/n/12 neu-tral in-ter-galac-tic medium. Nu-cle-osyn-the-sis pro-cesses in their su-per-nova are thought
 []


Underfull \vbox (badness 1688) has occurred while \output is active []

 [18]
Underfull \vbox (badness 10000) has occurred while \output is active []

 [19]
Underfull \vbox (badness 10000) has occurred while \output is active []

 [20]
Underfull \vbox (badness 10000) has occurred while \output is active []

 [21]
Underfull \vbox (badness 1675) has occurred while \output is active []

 [22]
File: chap0_intro/500px-Hydrogen-SpinFlip.svg.png Graphic file (type QTm)
 <use  "chap0_intro/500px-Hydrogen-SpinFlip.svg.png" > [23] [24] [25] [26]
Underfull \vbox (badness 10000) has occurred while \output is active []

 [27] [28]
File: chap0_intro/mcquinn_ionized_region_sims.eps Graphic file (type eps)
 <chap0_intro/mcquinn_ionized_region_sims.eps>
Overfull \hbox (72.27pt too wide) in paragraph at lines 161--162
 [][] 
 []


Package hyperref Warning: Token not allowed in a PDF string (Unicode):
(hyperref)                \kern 1.95827pt
(hyperref)                removed on input line 168.

[29] [30]
File: chap0_intro/pritchard_and_loeb_temperatures_annotated.pdf Graphic file (type QTm)
 <use  "chap0_intro/pritchard_and_loeb_temperatures_annotated.pdf" >
Overfull \hbox (72.27pt too wide) in paragraph at lines 176--177
 [][] 
 []


LaTeX Warning: Float too large for page by 31.76309pt on input line 179.

[31] [32]

Package hyperref Warning: Token not allowed in a PDF string (Unicode):
(hyperref)                \kern 1.95827pt
(hyperref)                removed on input line 183.

File: chap0_intro/radio_interferometer_diagram.pdf Graphic file (type QTm)
<use  "chap0_intro/radio_interferometer_diagram.pdf" >

LaTeX Warning: `h' float specifier changed to `ht'.

[33]
Underfull \vbox (badness 6961) has occurred while \output is active []

 [34]
File: chap0_intro/ifo_space.pdf Graphic file (type QTm)
 <use  "chap0_intro/ifo_space.pdf" >

LaTeX Warning: `h' float specifier changed to `ht'.


Underfull \vbox (badness 7558) has occurred while \output is active []

 [35]
File: chap0_intro/ifo_space_cosmo.pdf Graphic file (type QTm)
 <use  "chap0_intro/ifo_space_cosmo.pdf" >

LaTeX Warning: `h' float specifier changed to `ht'.


Underfull \vbox (badness 3803) has occurred while \output is active []

 [36] [37]
Underfull \vbox (badness 10000) has occurred while \output is active []

 [38] [39] [40]
LaTeX Font Info:    Font shape `OMS/cmr/m/n' in size <12> not available
(Font)              Font shape `OMS/cmsy/m/n' tried instead on input line 283.
 [41]) [42]
\openout2 = `chap1_precision_beammapping.aux'.

 (./chap1_precision_beammapping.tex
Chapter 2.
Missing character: There is no – in font ecrm1200!

Underfull \hbox (badness 10000) in paragraph at lines 5--6

 []

[43



] [44]
Underfull \vbox (badness 10000) has occurred while \output is active []

 [45]
Underfull \vbox (badness 10000) has occurred while \output is active []

 [46]
Underfull \vbox (badness 1675) has occurred while \output is active []

 [47] [48]
File: chap1_precision_beammapping_figures/system_overview_diagram.pdf Graphic file (type QTm)
 <use  "chap1_precision_beammapping_figures/system_overview_diagram.pdf" >
Overfull \hbox (72.27pt too wide) in paragraph at lines 42--43
[][] 
 []

LaTeX Font Info:    Try loading font information for T1+cmtt on input line 43.
(/usr/local/texlive/2012/texmf-dist/tex/latex/base/t1cmtt.fd
File: t1cmtt.fd 1999/05/25 v2.5h Standard LaTeX font definitions
) [49] [50]
Overfull \hbox (15.13701pt too wide) in paragraph at lines 62--63
\T1/cmr/m/n/12 ground plane us-ing CST Mi-crowave Stu-dio (https://www.cst.com/Products/CSTMWS).
 []


Underfull \vbox (badness 10000) has occurred while \output is active []

 [51]
File: chap1_precision_beammapping_figures/ref_ant.jpg Graphic file (type QTm)
 <use  "chap1_precision_beammapping_figures/ref_ant.jpg" >
File: chap1_precision_beammapping_figures/apr14tile.jpg Graphic file (type QTm)
 <use  "chap1_precision_beammapping_figures/apr14tile.jpg" >
Overfull \hbox (31.20264pt too wide) in paragraph at lines 65--67
[][] [] 
 []

[52] [53] [54]
File: chap1_precision_beammapping_figures/null2sat23_pass75332.eps Graphic file (type eps)
 <chap1_precision_beammapping_figures/null2sat23_pass75332.eps>
Overfull \hbox (36.135pt too wide) in paragraph at lines 106--107
[][] 
 []


Underfull \vbox (badness 5652) has occurred while \output is active []

 [55] [56]
File: chap1_precision_beammapping_figures/null2_abs.pdf Graphic file (type QTm)
 <use  "chap1_precision_beammapping_figures/null2_abs.pdf" >
File: chap1_precision_beammapping_figures/skynoise_null2.pdf Graphic file (type QTm)
 <use  "chap1_precision_beammapping_figures/skynoise_null2.pdf" > [57] [58] [59]

Package natbib Warning: Citation `sutinjo2015' on page 60 undefined on input line 144.


Package natbib Warning: Citation `sutinjo2015' on page 60 undefined on input line 148.

[60]
File: chap1_precision_beammapping_figures/Zenith_abs.eps Graphic file (type eps)
 <chap1_precision_beammapping_figures/Zenith_abs.eps>

Package natbib Warning: Citation `sutinjo2015' on page 61 undefined on input line 152.


Package natbib Warning: Citation `sutinjo2015' on page 61 undefined on input line 152.

[61] [62]
File: chap1_precision_beammapping_figures/E03S00_abs.eps Graphic file (type eps)
 <chap1_precision_beammapping_figures/E03S00_abs.eps>
File: chap1_precision_beammapping_figures/W03S00_abs.eps Graphic file (type eps)
 <chap1_precision_beammapping_figures/W03S00_abs.eps> [63] [64] [65]

Package natbib Warning: Citation `sutinjo2015' on page 66 undefined on input line 193.


Underfull \vbox (badness 1675) has occurred while \output is active []

 [66]
Overfull \hbox (14.24069pt too wide) in paragraph at lines 197--197
[]\T1/cmr/bx/n/17.28 Appendix: Mea-sure-ment of the un-po-lar-ized beam-
 []


Underfull \vbox (badness 10000) has occurred while \output is active []

 [67] [68] [69]) [70]
\openout2 = `chap2_beamforming_errors.aux'.

 (./chap2_beamforming_errors.tex
Chapter 3.

Underfull \hbox (badness 10000) in paragraph at lines 4--5

 []

[71



] [72]

Package natbib Warning: Citation `paperinstrument' on page 73 undefined on input line 14.

File: chap2_beamforming_errors/tile_photo.pdf Graphic file (type QTm)
<use  "chap2_beamforming_errors/tile_photo.pdf" >
Underfull \vbox (badness 2538) has occurred while \output is active []

 [73]
File: chap2_beamforming_errors/zenith_and_offzenith_beams-eps-converted-to.pdf Graphic file (type QTm)
 <use  "chap2_beamforming_errors/zenith_and_offzenith_beams-eps-converted-to.pdf" >
Overfull \hbox (24.96967pt too wide) in paragraph at lines 36--37
 [][] 
 []


Underfull \vbox (badness 10000) has occurred while \output is active []

 [74]
Underfull \vbox (badness 3009) has occurred while \output is active []

 [75]
File: chap2_beamforming_errors/vna_measurements_diagram.pdf Graphic file (type QTm)
 <use  "chap2_beamforming_errors/vna_measurements_diagram.pdf" >
File: chap2_beamforming_errors/new_lna_setup.jpg Graphic file (type QTm)
 <use  "chap2_beamforming_errors/new_lna_setup.jpg" >
File: chap2_beamforming_errors/lnas_gains_delays-eps-converted-to.pdf Graphic file (type QTm)
 <use  "chap2_beamforming_errors/lnas_gains_delays-eps-converted-to.pdf" >

LaTeX Warning: `h' float specifier changed to `ht'.

File: chap2_beamforming_errors/cables_gains_delays-eps-converted-to.pdf Graphic file (type QTm)
<use  "chap2_beamforming_errors/cables_gains_delays-eps-converted-to.pdf" >

LaTeX Warning: `h' float specifier changed to `ht'.

File: chap2_beamforming_errors/bf00000_gains_and_delays-eps-converted-to.pdf Graphic file (type QTm)
<use  "chap2_beamforming_errors/bf00000_gains_and_delays-eps-converted-to.pdf" >

LaTeX Warning: `h' float specifier changed to `ht'.


Underfull \vbox (badness 10000) has occurred while \output is active []

 [76] [77]
Underfull \vbox (badness 10000) has occurred while \output is active []

 [78]
File: chap2_beamforming_errors/mwa_tilt_map-eps-converted-to.pdf Graphic file (type QTm)
 <use  "chap2_beamforming_errors/mwa_tilt_map-eps-converted-to.pdf" >
Overfull \hbox (72.27pt too wide) in paragraph at lines 109--110
 [][] 
 []

[79]
File: chap2_beamforming_errors/groupdelays50ps_baselinemean_and_std_power_beamzenith-eps-converted-to.pdf Graphic file (type QTm)
 <use  "chap2_beamforming_errors/groupdelays50ps_baselinemean_and_std_power_beamzenith-eps-converted-to.pdf" >
File: chap2_beamforming_errors/thetaall0_3deg_baselinemean_and_std_power_beamzenith-eps-converted-to.pdf Graphic file (type QTm)
 <use  "chap2_beamforming_errors/thetaall0_3deg_baselinemean_and_std_power_beamzenith-eps-converted-to.pdf" >
File: chap2_beamforming_errors/gains0_5dB_baselinemean_and_std_power_beamzenith-eps-converted-to.pdf Graphic file (type QTm)
 <use  "chap2_beamforming_errors/gains0_5dB_baselinemean_and_std_power_beamzenith-eps-converted-to.pdf" >

LaTeX Warning: `h' float specifier changed to `ht'.

File: chap2_beamforming_errors/groupdelays50psgains0_5dBthetaall0_3deg_baselinemean_and_std_power_beamzenith-eps-converted-to.pdf Graphic file (type QTm)
<use  "chap2_beamforming_errors/groupdelays50psgains0_5dBthetaall0_3deg_baselinemean_and_std_power_beamzenith-eps-converted-to.pdf" >
File: chap2_beamforming_errors/groupdelays50psgains0_5dBthetaall0_3deg_baselinemean_and_std_power_beamoffzenith-eps-converted-to.pdf Graphic file (type QTm)
 <use  "chap2_beamforming_errors/groupdelays50psgains0_5dBthetaall0_3deg_baselinemean_and_std_power_beamoffzenith-eps-converted-to.pdf" >
File: chap2_beamforming_errors/groupdelays50psgains0_5dBthetaall0_3deg_simbeams-eps-converted-to.pdf Graphic file (type QTm)
 <use  "chap2_beamforming_errors/groupdelays50psgains0_5dBthetaall0_3deg_simbeams-eps-converted-to.pdf" >

LaTeX Warning: `h' float specifier changed to `ht'.

File: chap2_beamforming_errors/test_beam_averaging_zoom1.pdf Graphic file (type QTm)
<use  "chap2_beamforming_errors/test_beam_averaging_zoom1.pdf" >
File: chap2_beamforming_errors/test_beam_averaging_zoom2.pdf Graphic file (type QTm)
 <use  "chap2_beamforming_errors/test_beam_averaging_zoom2.pdf" >

LaTeX Warning: `h' float specifier changed to `ht'.


Underfull \vbox (badness 1661) has occurred while \output is active []

 [80]
Underfull \vbox (badness 10000) has occurred while \output is active []

 [81]
Underfull \vbox (badness 5652) has occurred while \output is active []

 [82] [83] [84]
File: chap2_beamforming_errors/bf_errors_in_visibilities.pdf Graphic file (type QTm)
 <use  "chap2_beamforming_errors/bf_errors_in_visibilities.pdf" >
Overfull \hbox (72.27pt too wide) in paragraph at lines 226--227
[][] 
 []

[85]
Underfull \vbox (badness 10000) has occurred while \output is active []

 [86]
Underfull \vbox (badness 10000) has occurred while \output is active []

 [87]
Underfull \vbox (badness 4229) has occurred while \output is active []

 [88]
Underfull \vbox (badness 1675) has occurred while \output is active []

 [89] [90]
File: chap2_beamforming_errors/beamformer_signal_path.pdf Graphic file (type QTm)
 <use  "chap2_beamforming_errors/beamformer_signal_path.pdf" >
Overfull \hbox (72.27pt too wide) in paragraph at lines 270--271
[][] 
 []


LaTeX Warning: `h' float specifier changed to `ht'.

[91] [92]
Underfull \vbox (badness 10000) has occurred while \output is active []

 [93]) [94] [95] [96] [97] [98] [99] [100] [101] [102] [103]
\openout2 = `chap3_hera_beammapping.aux'.

 (./chap3_hera_beammapping.tex [104



]
Chapter 4.

Underfull \hbox (badness 10000) in paragraph at lines 4--5

 []

[105] [106]
Underfull \vbox (badness 5652) has occurred while \output is active []

 [107]
Underfull \vbox (badness 5652) has occurred while \output is active []

 [108]
Underfull \vbox (badness 5652) has occurred while \output is active []

 [109] [110]
File: chap3_hera_beammapping/dish_and_feed_diagram.pdf Graphic file (type QTm)
 <use  "chap3_hera_beammapping/dish_and_feed_diagram.pdf" >
File: chap3_hera_beammapping/feed.pdf Graphic file (type QTm)
 <use  "chap3_hera_beammapping/feed.pdf" >

LaTeX Warning: `h' float specifier changed to `ht'.

[111]
File: chap3_hera_beammapping/dave195_rich195_airy_beams.pdf Graphic file (type QTm)
 <use  "chap3_hera_beammapping/dave195_rich195_airy_beams.pdf" >
Overfull \hbox (72.27pt too wide) in paragraph at lines 198--199
 [][] 
 []

[112] [113]
Underfull \vbox (badness 2538) has occurred while \output is active []

 [114]
File: chap3_hera_beammapping/ref_dipole_and_hera_dish.pdf Graphic file (type QTm)
 <use  "chap3_hera_beammapping/ref_dipole_and_hera_dish.pdf" > [115]
File: chap3_hera_beammapping/null_expt_rel_beam_maps.pdf Graphic file (type QTm)
 <use  "chap3_hera_beammapping/null_expt_rel_beam_maps.pdf" >
Overfull \hbox (36.135pt too wide) in paragraph at lines 274--275
 [][] 
 []


LaTeX Warning: `h' float specifier changed to `ht'.

File: chap3_hera_beammapping/measured_beams_and_models_maps.pdf Graphic file (type QTm)
<use  "chap3_hera_beammapping/measured_beams_and_models_maps.pdf" >
Overfull \hbox (36.135pt too wide) in paragraph at lines 290--291
 [][] 
 []


Underfull \vbox (badness 10000) has occurred while \output is active []

 [116]
File: chap3_hera_beammapping/measured_beams_and_models_slices.pdf Graphic file (type QTm)
 <use  "chap3_hera_beammapping/measured_beams_and_models_slices.pdf" >
Overfull \hbox (36.135pt too wide) in paragraph at lines 297--298
 [][] 
 []

[117] [118] [119] [120]

Package natbib Warning: Citation `ali2015' on page 121 undefined on input line 350.

[121]
File: chap3_hera_beammapping/nithya_fg_pspec_all_lst.pdf Graphic file (type QTm)
 <use  "chap3_hera_beammapping/nithya_fg_pspec_all_lst.pdf" >
File: chap3_hera_beammapping/nithya_fg_pspec_lst0deg.pdf Graphic file (type QTm)
 <use  "chap3_hera_beammapping/nithya_fg_pspec_lst0deg.pdf" >
File: chap3_hera_beammapping/nithya_fg_pspec_lst60deg.pdf Graphic file (type QTm)
 <use  "chap3_hera_beammapping/nithya_fg_pspec_lst60deg.pdf" >

LaTeX Warning: `h' float specifier changed to `ht'.

File: chap3_hera_beammapping/gsm_kelvin_LST_2deg_and_62deg.pdf Graphic file (type QTm)
<use  "chap3_hera_beammapping/gsm_kelvin_LST_2deg_and_62deg.pdf" >
Underfull \vbox (badness 1675) has occurred while \output is active []

 [122] [123]
Underfull \vbox (badness 5652) has occurred while \output is active []

 [124]

Package natbib Warning: Citation `ali2015' on page 125 undefined on input line 390.


Underfull \vbox (badness 5652) has occurred while \output is active []

 [125]) [126] [127] [128] [129] [130] [131]
\openout2 = `chap4_empirical_covariance.aux'.

 (./chap4_empirical_covariance.tex [132



]
Chapter 5.

Underfull \hbox (badness 10000) in paragraph at lines 44--45

 []

[133] [134]
Underfull \vbox (badness 10000) has occurred while \output is active []

 [135]
Underfull \vbox (badness 10000) has occurred while \output is active []

 [136]

Package natbib Warning: Citation `sutinjo2014' on page 137 undefined on input line 69.


Underfull \vbox (badness 10000) has occurred while \output is active []

 [137] [138] [139]

Package natbib Warning: Citation `mapmaking' on page 140 undefined on input line 116.


Underfull \vbox (badness 1675) has occurred while \output is active []

 [140] [141]
Underfull \vbox (badness 10000) has occurred while \output is active []

 [142]

Package hyperref Warning: Token not allowed in a PDF string (Unicode):
(hyperref)                removing `math shift' on input line 154.


Package hyperref Warning: Token not allowed in a PDF string (Unicode):
(hyperref)                removing `math shift' on input line 154.


Underfull \vbox (badness 10000) has occurred while \output is active []

 [143]

LaTeX Warning: No positions in optional float specifier.
               Default added (so using `tbp') on input line 168.

File: chap4_empirical_covariance/wedge_eigenvalues.pdf Graphic file (type QTm)
<use  "chap4_empirical_covariance/wedge_eigenvalues.pdf" > [144] [145]

LaTeX Warning: No positions in optional float specifier.
               Default added (so using `tbp') on input line 198.

File: chap4_empirical_covariance/fourier_diagonal.pdf Graphic file (type QTm)
<use  "chap4_empirical_covariance/fourier_diagonal.pdf" >

Package hyperref Warning: Token not allowed in a PDF string (Unicode):
(hyperref)                removing `math shift' on input line 207.


Package hyperref Warning: Token not allowed in a PDF string (Unicode):
(hyperref)                removing `subscript' on input line 207.


Package hyperref Warning: Token not allowed in a PDF string (Unicode):
(hyperref)                removing `\delimiter' on input line 207.


Package hyperref Warning: Token not allowed in a PDF string (Unicode):
(hyperref)                removing `math shift' on input line 207.


Underfull \vbox (badness 10000) has occurred while \output is active []

 [146] [147]

LaTeX Warning: No positions in optional float specifier.
               Default added (so using `tbp') on input line 211.

File: chap4_empirical_covariance/eigenvectors.pdf Graphic file (type QTm)
<use  "chap4_empirical_covariance/eigenvectors.pdf" >
Underfull \vbox (badness 7981) has occurred while \output is active []

 [148] [149] [150]

LaTeX Warning: No positions in optional float specifier.
               Default added (so using `tbp') on input line 236.

File: chap4_empirical_covariance/eigenvalue_stages.pdf Graphic file (type QTm)
<use  "chap4_empirical_covariance/eigenvalue_stages.pdf" > [151]
Overfull \hbox (2.78305pt too wide) in paragraph at lines 256--257
[]\T1/cmr/m/n/12 We ap-prox-i-mate the frequency-frequency fore-ground co-vari-ance as con-stant within
 []

[152]

Package natbib Warning: Citation `TingaySummary' on page 153 undefined on input line 274.


Package natbib Warning: Citation `GSM' on page 153 undefined on input line 276.

[153] [154] [155]

Package natbib Warning: Citation `HEALPIX' on page 156 undefined on input line 291.


Underfull \vbox (badness 5652) has occurred while \output is active []

 [156]

LaTeX Warning: No positions in optional float specifier.
               Default added (so using `tbp') on input line 304.

File: chap4_empirical_covariance/2dPk.png Graphic file (type QTm)
<use  "chap4_empirical_covariance/2dPk.png" > [157] [158]

LaTeX Warning: No positions in optional float specifier.
               Default added (so using `tbp') on input line 315.

File: chap4_empirical_covariance/2dPkArcSinh.png Graphic file (type QTm)
<use  "chap4_empirical_covariance/2dPkArcSinh.png" > [159]

LaTeX Warning: No positions in optional float specifier.
               Default added (so using `tbp') on input line 326.

File: chap4_empirical_covariance/2dError.png Graphic file (type QTm)
<use  "chap4_empirical_covariance/2dError.png" >

LaTeX Warning: No positions in optional float specifier.
               Default added (so using `tbp') on input line 335.

File: chap4_empirical_covariance/2dSNR.png Graphic file (type QTm)
<use  "chap4_empirical_covariance/2dSNR.png" >
Underfull \vbox (badness 1675) has occurred while \output is active []

 [160] [161]
Underfull \vbox (badness 10000) has occurred while \output is active []

 [162]

LaTeX Warning: No positions in optional float specifier.
               Default added (so using `tbp') on input line 346.

File: chap4_empirical_covariance/1dDeltaSqMultiRedshift.pdf Graphic file (type QTm)
<use  "chap4_empirical_covariance/1dDeltaSqMultiRedshift.pdf" >
Overfull \hbox (9.1998pt too wide) in paragraph at lines 358--359
[]\T1/cmr/m/n/12 Our best up-per limit at 95% con-fi-dence is $\OT1/cmr/m/n/12 ^^A[](\OML/cmm/m/it/12 k\OT1/cmr/m/n/12 ) \OML/cmm/m/it/12 < \OT1/cmr/m/n/12 3\OML/cmm/m/it/12 :\OT1/cmr/m/n/12 7 \OMS/cmsy/m/n/12 ^^B \OT1/cmr/m/n/12 10[]$\T1/cmr/m/n/12 mK$[]$ at $\OML/cmm/m/it/12 k \OT1/cmr/m/n/12 = 0\OML/cmm/m/it/12 :\OT1/cmr/m/n/12 18$$\OML/cmm/m/it/12 h$\T1/cmr/m/n/12 Mpc$[]$
 []

[163] [164]

Package natbib Warning: Citation `PAPER64Limits' on page 165 undefined on input line 360.


Underfull \vbox (badness 1675) has occurred while \output is active []

 [165] [166]

Package natbib Warning: Citation `mapmaking' on page 167 undefined on input line 376.

[167]) [168]
\openout2 = `chap5_xcor.aux'.

 (./chap5_xcor.tex
Chapter 6.

Package hyperref Warning: Token not allowed in a PDF string (Unicode):
(hyperref)                \kern 1.95827pt
(hyperref)                removed on input line 10.

)
Underfull \vbox (badness 10000) has occurred while \output is active []

 [169



] [170]
\openout2 = `conclusion.aux'.

 (./conclusion.tex
Chapter 7.

Overfull \hbox (8.32779pt too wide) in paragraph at lines 7--8
\T1/cmr/m/n/12 im-por-tant for long-run ef-forts to re-cover the EOR sig-nal in the foreground-contaminated
 []

[171



]
Underfull \vbox (badness 1675) has occurred while \output is active []

 [172]) [173]
\openout2 = `skynoise.aux'.

 (./skynoise.tex [174



]
Appendix A.
[175]
Underfull \vbox (badness 10000) has occurred while \output is active []

 [176]
Underfull \vbox (badness 10000) has occurred while \output is active []

 [177] [178] [179]
File: skynoise/array2by2.pdf Graphic file (type QTm)
 <use  "skynoise/array2by2.pdf" >
Underfull \vbox (badness 1430) has occurred while \output is active []

 [180]) [181]
\openout2 = `synchrotron.aux'.

 (./synchrotron.tex [182



]
Appendix B.
[183]
File: chap0_intro/synchrotrondiagram.png Graphic file (type QTm)
 <use  "chap0_intro/synchrotrondiagram.png" >) [184] [185]
\openout2 = `biblio.aux'.

 (./biblio.tex (/Users/abrahamn/Documents/Physics/papers/mit_thesis/.texpadtmp/main.bbl [186



] [187] [188] [189] [190]
Underfull \hbox (badness 1137) in paragraph at lines 510--512
[]\T1/cmr/m/n/12 Mao, Y., Tegmark, M., Mc-Quinn, M., Zal-dar-riaga, M., & Zahn, O. 2008,
 []

[191] [192] [193] [194])) [195]

Package natbib Warning: There were undefined citations.

Package atveryend Info: Empty hook `BeforeClearDocument' on input line 71.
Package atveryend Info: Empty hook `AfterLastShipout' on input line 71.
(/Users/abrahamn/Documents/Physics/papers/mit_thesis/.texpadtmp/main.aux (/Users/abrahamn/Documents/Physics/papers/mit_thesis/.texpadtmp/cover.aux) (/Users/abrahamn/Documents/Physics/papers/mit_thesis/.texpadtmp/contents.aux) (/Users/abrahamn/Documents/Physics/papers/mit_thesis/.texpadtmp/introduction.aux) (/Users/abrahamn/Documents/Physics/papers/mit_thesis/.texpadtmp/chap1_precision_beammapping.aux) (/Users/abrahamn/Documents/Physics/papers/mit_thesis/.texpadtmp/chap2_beamforming_errors.aux) (/Users/abrahamn/Documents/Physics/papers/mit_thesis/.texpadtmp/chap3_hera_beammapping.aux) (/Users/abrahamn/Documents/Physics/papers/mit_thesis/.texpadtmp/chap4_empirical_covariance.aux) (/Users/abrahamn/Documents/Physics/papers/mit_thesis/.texpadtmp/chap5_xcor.aux) (/Users/abrahamn/Documents/Physics/papers/mit_thesis/.texpadtmp/conclusion.aux) (/Users/abrahamn/Documents/Physics/papers/mit_thesis/.texpadtmp/skynoise.aux) (/Users/abrahamn/Documents/Physics/papers/mit_thesis/.texpadtmp/synchrotron.aux) (/Users/abrahamn/Documents/Physics/papers/mit_thesis/.texpadtmp/biblio.aux))
Package atveryend Info: Empty hook `AtVeryEndDocument' on input line 71.
Package atveryend Info: Empty hook `AtEndAfterFileList' on input line 71.


LaTeX Warning: There were multiply-defined labels.

Package atveryend Info: Empty hook `AtVeryVeryEnd' on input line 71.
 ) 
Here is how much of TeX's memory you used:
 8753 strings out of 494004
 129167 string characters out of 3150890
 263701 words of memory out of 3000000
 11734 multiletter control sequences out of 15000+200000
 31216 words of font info for 84 fonts, out of 3000000 for 9000
 1144 hyphenation exceptions out of 8191
 33i,12n,47p,2950b,789s stack positions out of 5000i,500n,10000p,200000b,50000s

Output written on /Users/abrahamn/Documents/Physics/papers/mit_thesis/.texpadtmp/main.pdf (195 pages).
